<?xml version="1.0" encoding="UTF-8"?>
<testsuite name="com.officeduel.engine.DotCounterTest" tests="2" skipped="0" failures="0" errors="0" timestamp="2025-09-11T23:38:43" hostname="MacBook-Pro-de-User.local" time="0.005">
  <properties/>
  <testcase name="testDotCounterBasicLogic()" classname="com.officeduel.engine.DotCounterTest" time="0.003"/>
  <testcase name="testDotCounterClamping()" classname="com.officeduel.engine.DotCounterTest" time="0.002"/>
  <system-out><![CDATA[]]></system-out>
  <system-err><![CDATA[]]></system-err>
</testsuite>
