<?xml version="1.0" encoding="UTF-8"?>
<testsuite name="com.officeduel.engine.DuplicateCardTest" tests="1" skipped="0" failures="0" errors="0" timestamp="2025-09-11T23:38:43" hostname="MacBook-Pro-de-User.local" time="0.001">
  <properties/>
  <testcase name="testDuplicateCardRemoval()" classname="com.officeduel.engine.DuplicateCardTest" time="0.001"/>
  <system-out><![CDATA[]]></system-out>
  <system-err><![CDATA[]]></system-err>
</testsuite>
